<?xml version="1.0" encoding="UTF-8"?>
<!-- Generated by org.testng.reporters.JUnitReportReporter -->
<testsuite skipped="0" hostname="User-PC" name="org.openmrs.demo.OpenMRSNew.TC_001" tests="4" failures="0" timestamp="27 Jan 2019 16:28:21 GMT" time="52.657" errors="0">
  <testcase name="verifyTitle" time="6.462" classname="org.openmrs.demo.OpenMRSNew.TC_001"/>
  <testcase name="verifylogo" time="7.200" classname="org.openmrs.demo.OpenMRSNew.TC_001"/>
  <testcase name="VerifyCancelRegister" time="17.857" classname="org.openmrs.demo.OpenMRSNew.TC_001"/>
  <testcase name="verifyConfirmRegister" time="21.138" classname="org.openmrs.demo.OpenMRSNew.TC_001"/>
</testsuite> <!-- org.openmrs.demo.OpenMRSNew.TC_001 -->
