<?xml version="1.0" encoding="UTF-8"?>
<!-- Generated by org.testng.reporters.JUnitReportReporter -->
<testsuite skipped="0" hostname="User-PC" name="org.openmrs.demo.OpenMRSNew.HomePageTests" tests="3" failures="0" timestamp="04 Feb 2019 04:03:43 GMT" time="2.072" errors="0">
  <testcase name="verifyCantLogin" time="0.870" classname="org.openmrs.demo.OpenMRSNew.HomePageTests"/>
  <testcase name="verifyTitle" time="0.406" classname="org.openmrs.demo.OpenMRSNew.HomePageTests"/>
  <testcase name="verifyLogo" time="0.796" classname="org.openmrs.demo.OpenMRSNew.HomePageTests"/>
</testsuite> <!-- org.openmrs.demo.OpenMRSNew.HomePageTests -->
